
Sep 06, 2021 13:40:22.227 NEW SESSION
Sep 06, 2021 13:40:22.227 [11112:10816:0906/134022.168:ERROR:device_event_log_impl.cc(214)] [13:40:22.168] USB: usb_device_handle_win.cc:1048 Failed to read descriptor from node connection: A device attached to the system is not functioning. (0x1F)
Sep 06, 2021 13:40:22.227 [11112:10816:0906/134022.169:ERROR:device_event_log_impl.cc(214)] [13:40:22.168] USB: usb_device_handle_win.cc:1048 Failed to read descriptor from node connection: A device attached to the system is not functioning. (0x1F)
Sep 06, 2021 13:40:27.48 [11112:14800:0906/134027.047:ERROR:mcs_client.cc(706)]   Error code: 500  Error message: Cannot parse data.
Sep 06, 2021 13:40:27.48 [11112:14800:0906/134027.047:ERROR:mcs_client.cc(708)] Failed to log in to GCM, resetting connection.
Sep 06, 2021 13:43:21.184 [11112:1844:0906/134321.184:ERROR:database.cc(1674)] History SQLite error: code 1555 errno 0: UNIQUE constraint failed: context_annotations.visit_id sql: INSERT INTO context_annotations( visit_id,context_annotation_flags,duration_since_last_visit,page_end_reason )VALUES(?,?,?,?)
Sep 06, 2021 13:43:23.588 [11112:12720:0906/134323.588:ERROR:database.cc(1674)] History SQLite error: code 1555 errno 0: UNIQUE constraint failed: context_annotations.visit_id sql: INSERT INTO context_annotations( visit_id,context_annotation_flags,duration_since_last_visit,page_end_reason )VALUES(?,?,?,?)
Sep 06, 2021 13:43:24.92 [11112:1844:0906/134324.092:ERROR:database.cc(1674)] History SQLite error: code 1555 errno 0: UNIQUE constraint failed: context_annotations.visit_id sql: INSERT INTO context_annotations( visit_id,context_annotation_flags,duration_since_last_visit,page_end_reason )VALUES(?,?,?,?)
Sep 06, 2021 13:43:50.23 [11112:12720:0906/134350.022:ERROR:database.cc(1674)] History SQLite error: code 1555 errno 0: UNIQUE constraint failed: context_annotations.visit_id sql: INSERT INTO context_annotations( visit_id,context_annotation_flags,duration_since_last_visit,page_end_reason )VALUES(?,?,?,?)
Sep 06, 2021 13:44:00.41 [7352:10528:0906/134400.041:ERROR:device_event_log_impl.cc(214)] [13:44:00.041] USB: usb_device_handle_win.cc:1048 Failed to read descriptor from node connection: A device attached to the system is not functioning. (0x1F)
Sep 06, 2021 13:44:00.41 [7352:10528:0906/134400.041:ERROR:device_event_log_impl.cc(214)] [13:44:00.041] USB: usb_device_handle_win.cc:1048 Failed to read descriptor from node connection: A device attached to the system is not functioning. (0x1F)
Sep 06, 2021 13:45:39.930 [6344:5824:0906/134539.930:ERROR:device_event_log_impl.cc(214)] [13:45:39.930] USB: usb_device_handle_win.cc:1048 Failed to read descriptor from node connection: A device attached to the system is not functioning. (0x1F)
Sep 06, 2021 13:45:39.930 [6344:5824:0906/134539.930:ERROR:device_event_log_impl.cc(214)] [13:45:39.930] USB: usb_device_handle_win.cc:1048 Failed to read descriptor from node connection: A device attached to the system is not functioning. (0x1F)
Sep 06, 2021 14:09:40.216 [2332:9420:0906/140940.216:ERROR:device_event_log_impl.cc(214)] [14:09:40.216] USB: usb_device_handle_win.cc:1048 Failed to read descriptor from node connection: A device attached to the system is not functioning. (0x1F)
Sep 06, 2021 14:09:40.216 [2332:9420:0906/140940.216:ERROR:device_event_log_impl.cc(214)] [14:09:40.217] USB: usb_device_handle_win.cc:1048 Failed to read descriptor from node connection: A device attached to the system is not functioning. (0x1F)
Sep 06, 2021 14:18:46.532 [10924:9032:0906/141846.532:ERROR:device_event_log_impl.cc(214)] [14:18:46.532] USB: usb_device_handle_win.cc:1048 Failed to read descriptor from node connection: A device attached to the system is not functioning. (0x1F)
Sep 06, 2021 14:18:46.532 [10924:9032:0906/141846.532:ERROR:device_event_log_impl.cc(214)] [14:18:46.532] USB: usb_device_handle_win.cc:1048 Failed to read descriptor from node connection: A device attached to the system is not functioning. (0x1F)
Sep 06, 2021 14:19:24.762 [13680:14608:0906/141924.762:ERROR:device_event_log_impl.cc(214)] [14:19:24.762] USB: usb_device_handle_win.cc:1048 Failed to read descriptor from node connection: A device attached to the system is not functioning. (0x1F)
Sep 06, 2021 14:19:24.762 [13680:14608:0906/141924.762:ERROR:device_event_log_impl.cc(214)] [14:19:24.762] USB: usb_device_handle_win.cc:1048 Failed to read descriptor from node connection: A device attached to the system is not functioning. (0x1F)
Sep 06, 2021 14:22:30.912 [15284:11880:0906/142230.911:ERROR:device_event_log_impl.cc(214)] [14:22:30.911] USB: usb_device_handle_win.cc:1048 Failed to read descriptor from node connection: A device attached to the system is not functioning. (0x1F)
Sep 06, 2021 14:22:30.913 [15284:11880:0906/142230.912:ERROR:device_event_log_impl.cc(214)] [14:22:30.912] USB: usb_device_handle_win.cc:1048 Failed to read descriptor from node connection: A device attached to the system is not functioning. (0x1F)
Sep 06, 2021 14:26:41.906 [13416:9312:0906/142641.906:ERROR:device_event_log_impl.cc(214)] [14:26:41.905] USB: usb_device_handle_win.cc:1048 Failed to read descriptor from node connection: A device attached to the system is not functioning. (0x1F)
Sep 06, 2021 14:26:41.906 [13416:9312:0906/142641.906:ERROR:device_event_log_impl.cc(214)] [14:26:41.906] USB: usb_device_handle_win.cc:1048 Failed to read descriptor from node connection: A device attached to the system is not functioning. (0x1F)
Sep 06, 2021 14:27:32.111 [12404:2956:0906/142732.111:ERROR:device_event_log_impl.cc(214)] [14:27:32.111] USB: usb_device_handle_win.cc:1048 Failed to read descriptor from node connection: A device attached to the system is not functioning. (0x1F)
Sep 06, 2021 14:27:32.111 [12404:2956:0906/142732.111:ERROR:device_event_log_impl.cc(214)] [14:27:32.111] USB: usb_device_handle_win.cc:1048 Failed to read descriptor from node connection: A device attached to the system is not functioning. (0x1F)
Sep 06, 2021 14:28:12.35 [13392:9992:0906/142812.034:ERROR:device_event_log_impl.cc(214)] [14:28:12.034] USB: usb_device_handle_win.cc:1048 Failed to read descriptor from node connection: A device attached to the system is not functioning. (0x1F)
Sep 06, 2021 14:28:12.35 [13392:9992:0906/142812.035:ERROR:device_event_log_impl.cc(214)] [14:28:12.035] USB: usb_device_handle_win.cc:1048 Failed to read descriptor from node connection: A device attached to the system is not functioning. (0x1F)
Sep 06, 2021 14:33:33.111 [14264:1980:0906/143333.111:ERROR:device_event_log_impl.cc(214)] [14:33:33.111] USB: usb_device_handle_win.cc:1048 Failed to read descriptor from node connection: A device attached to the system is not functioning. (0x1F)
Sep 06, 2021 14:33:33.111 [14264:1980:0906/143333.111:ERROR:device_event_log_impl.cc(214)] [14:33:33.111] USB: usb_device_handle_win.cc:1048 Failed to read descriptor from node connection: A device attached to the system is not functioning. (0x1F)
Sep 06, 2021 14:36:01.393 [9948:7268:0906/143601.393:ERROR:device_event_log_impl.cc(214)] [14:36:01.393] USB: usb_device_handle_win.cc:1048 Failed to read descriptor from node connection: A device attached to the system is not functioning. (0x1F)
Sep 06, 2021 14:36:01.393 [9948:7268:0906/143601.393:ERROR:device_event_log_impl.cc(214)] [14:36:01.393] USB: usb_device_handle_win.cc:1048 Failed to read descriptor from node connection: A device attached to the system is not functioning. (0x1F)
Sep 06, 2021 14:40:04.825 [3608:4972:0906/144004.825:ERROR:device_event_log_impl.cc(214)] [14:40:04.825] USB: usb_device_handle_win.cc:1048 Failed to read descriptor from node connection: A device attached to the system is not functioning. (0x1F)
Sep 06, 2021 14:40:04.826 [3608:4972:0906/144004.826:ERROR:device_event_log_impl.cc(214)] [14:40:04.826] USB: usb_device_handle_win.cc:1048 Failed to read descriptor from node connection: A device attached to the system is not functioning. (0x1F)
Sep 06, 2021 14:45:47.277 [10592:10656:0906/144547.277:ERROR:device_event_log_impl.cc(214)] [14:45:47.276] USB: usb_device_handle_win.cc:1048 Failed to read descriptor from node connection: A device attached to the system is not functioning. (0x1F)
Sep 06, 2021 14:45:47.277 [10592:10656:0906/144547.277:ERROR:device_event_log_impl.cc(214)] [14:45:47.277] USB: usb_device_handle_win.cc:1048 Failed to read descriptor from node connection: A device attached to the system is not functioning. (0x1F)
Sep 06, 2021 14:47:22.846 [5348:4436:0906/144722.845:ERROR:device_event_log_impl.cc(214)] [14:47:22.846] USB: usb_device_handle_win.cc:1048 Failed to read descriptor from node connection: A device attached to the system is not functioning. (0x1F)
Sep 06, 2021 14:47:22.846 [5348:4436:0906/144722.846:ERROR:device_event_log_impl.cc(214)] [14:47:22.846] USB: usb_device_handle_win.cc:1048 Failed to read descriptor from node connection: A device attached to the system is not functioning. (0x1F)
Sep 06, 2021 14:48:20.792 [5600:10780:0906/144820.792:ERROR:device_event_log_impl.cc(214)] [14:48:20.792] USB: usb_device_handle_win.cc:1048 Failed to read descriptor from node connection: A device attached to the system is not functioning. (0x1F)
Sep 06, 2021 14:48:20.793 [5600:10780:0906/144820.793:ERROR:device_event_log_impl.cc(214)] [14:48:20.793] USB: usb_device_handle_win.cc:1048 Failed to read descriptor from node connection: A device attached to the system is not functioning. (0x1F)
Sep 06, 2021 15:35:43.157 [9948:7736:0906/153543.156:ERROR:device_event_log_impl.cc(214)] [15:35:43.156] USB: usb_device_handle_win.cc:1048 Failed to read descriptor from node connection: A device attached to the system is not functioning. (0x1F)
Sep 06, 2021 15:35:43.157 [9948:7736:0906/153543.157:ERROR:device_event_log_impl.cc(214)] [15:35:43.157] USB: usb_device_handle_win.cc:1048 Failed to read descriptor from node connection: A device attached to the system is not functioning. (0x1F)
Sep 06, 2021 17:24:39.531 [10568:5740:0906/172439.531:ERROR:device_event_log_impl.cc(214)] [17:24:39.531] USB: usb_device_handle_win.cc:1048 Failed to read descriptor from node connection: A device attached to the system is not functioning. (0x1F)
Sep 06, 2021 17:24:39.559 [10568:5740:0906/172439.531:ERROR:device_event_log_impl.cc(214)] [17:24:39.531] USB: usb_device_handle_win.cc:1048 Failed to read descriptor from node connection: A device attached to the system is not functioning. (0x1F)
Sep 06, 2021 17:34:14.195 [11060:3848:0906/173414.195:ERROR:device_event_log_impl.cc(214)] [17:34:14.196] USB: usb_device_handle_win.cc:1048 Failed to read descriptor from node connection: A device attached to the system is not functioning. (0x1F)
Sep 06, 2021 17:34:14.196 [11060:3848:0906/173414.195:ERROR:device_event_log_impl.cc(214)] [17:34:14.196] USB: usb_device_handle_win.cc:1048 Failed to read descriptor from node connection: A device attached to the system is not functioning. (0x1F)
Sep 06, 2021 21:49:03.664 [5420:8692:0906/214903.663:ERROR:device_event_log_impl.cc(214)] [21:49:03.663] USB: usb_device_handle_win.cc:1048 Failed to read descriptor from node connection: A device attached to the system is not functioning. (0x1F)
Sep 06, 2021 21:49:03.664 [5420:8692:0906/214903.664:ERROR:device_event_log_impl.cc(214)] [21:49:03.663] USB: usb_device_handle_win.cc:1048 Failed to read descriptor from node connection: A device attached to the system is not functioning. (0x1F)
Sep 06, 2021 21:50:17.107 [14160:9960:0906/215017.107:ERROR:device_event_log_impl.cc(214)] [21:50:17.107] USB: usb_device_handle_win.cc:1048 Failed to read descriptor from node connection: A device attached to the system is not functioning. (0x1F)
Sep 06, 2021 21:50:17.107 [14160:9960:0906/215017.107:ERROR:device_event_log_impl.cc(214)] [21:50:17.108] USB: usb_device_handle_win.cc:1048 Failed to read descriptor from node connection: A device attached to the system is not functioning. (0x1F)
Sep 06, 2021 22:08:40.997 [4120:14696:0906/220840.997:ERROR:device_event_log_impl.cc(214)] [22:08:40.996] USB: usb_device_handle_win.cc:1048 Failed to read descriptor from node connection: A device attached to the system is not functioning. (0x1F)
Sep 06, 2021 22:08:40.997 [4120:14696:0906/220840.997:ERROR:device_event_log_impl.cc(214)] [22:08:40.996] USB: usb_device_handle_win.cc:1048 Failed to read descriptor from node connection: A device attached to the system is not functioning. (0x1F)
Sep 06, 2021 22:22:04.700 [14524:9804:0906/222204.700:ERROR:device_event_log_impl.cc(214)] [22:22:04.701] USB: usb_device_handle_win.cc:1048 Failed to read descriptor from node connection: A device attached to the system is not functioning. (0x1F)
Sep 06, 2021 22:22:04.700 [14524:9804:0906/222204.700:ERROR:device_event_log_impl.cc(214)] [22:22:04.701] USB: usb_device_handle_win.cc:1048 Failed to read descriptor from node connection: A device attached to the system is not functioning. (0x1F)
Sep 07, 2021 15:41:29.347 [15996:11940:0907/154129.347:ERROR:device_event_log_impl.cc(214)] [15:41:29.347] USB: usb_device_handle_win.cc:1048 Failed to read descriptor from node connection: A device attached to the system is not functioning. (0x1F)
Sep 07, 2021 15:41:29.373 [15996:11940:0907/154129.347:ERROR:device_event_log_impl.cc(214)] [15:41:29.347] USB: usb_device_handle_win.cc:1048 Failed to read descriptor from node connection: A device attached to the system is not functioning. (0x1F)
Sep 07, 2021 15:50:18.840 [14992:13052:0907/155018.840:ERROR:device_event_log_impl.cc(214)] [15:50:18.839] USB: usb_device_handle_win.cc:1048 Failed to read descriptor from node connection: A device attached to the system is not functioning. (0x1F)
Sep 07, 2021 15:50:18.840 [14992:13052:0907/155018.840:ERROR:device_event_log_impl.cc(214)] [15:50:18.840] USB: usb_device_handle_win.cc:1048 Failed to read descriptor from node connection: A device attached to the system is not functioning. (0x1F)
Sep 07, 2021 15:51:22.66 [8176:16172:0907/155122.066:ERROR:device_event_log_impl.cc(214)] [15:51:22.066] USB: usb_device_handle_win.cc:1048 Failed to read descriptor from node connection: A device attached to the system is not functioning. (0x1F)
Sep 07, 2021 15:51:22.66 [8176:16172:0907/155122.066:ERROR:device_event_log_impl.cc(214)] [15:51:22.066] USB: usb_device_handle_win.cc:1048 Failed to read descriptor from node connection: A device attached to the system is not functioning. (0x1F)
Sep 07, 2021 16:13:02.856 [6280:14372:0907/161302.856:ERROR:device_event_log_impl.cc(214)] [16:13:02.856] USB: usb_device_handle_win.cc:1048 Failed to read descriptor from node connection: A device attached to the system is not functioning. (0x1F)
Sep 07, 2021 16:13:02.856 [6280:14372:0907/161302.856:ERROR:device_event_log_impl.cc(214)] [16:13:02.856] USB: usb_device_handle_win.cc:1048 Failed to read descriptor from node connection: A device attached to the system is not functioning. (0x1F)
Sep 07, 2021 16:14:16.550 [2704:8208:0907/161416.550:ERROR:device_event_log_impl.cc(214)] [16:14:16.550] USB: usb_device_handle_win.cc:1048 Failed to read descriptor from node connection: A device attached to the system is not functioning. (0x1F)
Sep 07, 2021 16:14:16.550 [2704:8208:0907/161416.550:ERROR:device_event_log_impl.cc(214)] [16:14:16.550] USB: usb_device_handle_win.cc:1048 Failed to read descriptor from node connection: A device attached to the system is not functioning. (0x1F)
Sep 07, 2021 16:16:05.55 [1344:1316:0907/161605.055:ERROR:device_event_log_impl.cc(214)] [16:16:05.056] USB: usb_device_handle_win.cc:1048 Failed to read descriptor from node connection: A device attached to the system is not functioning. (0x1F)
Sep 07, 2021 16:16:05.56 [1344:1316:0907/161605.056:ERROR:device_event_log_impl.cc(214)] [16:16:05.056] USB: usb_device_handle_win.cc:1048 Failed to read descriptor from node connection: A device attached to the system is not functioning. (0x1F)
Sep 07, 2021 16:17:27.795 [15232:9544:0907/161727.795:ERROR:device_event_log_impl.cc(214)] [16:17:27.794] USB: usb_device_handle_win.cc:1048 Failed to read descriptor from node connection: A device attached to the system is not functioning. (0x1F)
Sep 07, 2021 16:17:27.796 [15232:9544:0907/161727.795:ERROR:device_event_log_impl.cc(214)] [16:17:27.795] USB: usb_device_handle_win.cc:1048 Failed to read descriptor from node connection: A device attached to the system is not functioning. (0x1F)
Sep 07, 2021 16:23:09.934 [4224:2668:0907/162309.934:ERROR:device_event_log_impl.cc(214)] [16:23:09.934] USB: usb_device_handle_win.cc:1048 Failed to read descriptor from node connection: A device attached to the system is not functioning. (0x1F)
Sep 07, 2021 16:23:09.934 [4224:2668:0907/162309.934:ERROR:device_event_log_impl.cc(214)] [16:23:09.934] USB: usb_device_handle_win.cc:1048 Failed to read descriptor from node connection: A device attached to the system is not functioning. (0x1F)
Sep 07, 2021 16:24:13.110 [15932:3388:0907/162413.110:ERROR:device_event_log_impl.cc(214)] [16:24:13.110] USB: usb_device_handle_win.cc:1048 Failed to read descriptor from node connection: A device attached to the system is not functioning. (0x1F)
Sep 07, 2021 16:24:13.110 [15932:3388:0907/162413.110:ERROR:device_event_log_impl.cc(214)] [16:24:13.110] USB: usb_device_handle_win.cc:1048 Failed to read descriptor from node connection: A device attached to the system is not functioning. (0x1F)
Sep 07, 2021 16:49:37.610 [16352:10580:0907/164937.610:ERROR:device_event_log_impl.cc(214)] [16:49:37.610] USB: usb_device_handle_win.cc:1048 Failed to read descriptor from node connection: A device attached to the system is not functioning. (0x1F)
Sep 07, 2021 16:49:37.610 [16352:10580:0907/164937.610:ERROR:device_event_log_impl.cc(214)] [16:49:37.610] USB: usb_device_handle_win.cc:1048 Failed to read descriptor from node connection: A device attached to the system is not functioning. (0x1F)
Sep 07, 2021 17:25:40.660 [15368:11780:0907/172540.660:ERROR:device_event_log_impl.cc(214)] [17:25:40.660] USB: usb_device_handle_win.cc:1048 Failed to read descriptor from node connection: A device attached to the system is not functioning. (0x1F)
Sep 07, 2021 17:25:40.687 [15368:11780:0907/172540.660:ERROR:device_event_log_impl.cc(214)] [17:25:40.660] USB: usb_device_handle_win.cc:1048 Failed to read descriptor from node connection: A device attached to the system is not functioning. (0x1F)
Sep 07, 2021 17:30:27.379 [15308:3184:0907/173027.379:ERROR:device_event_log_impl.cc(214)] [17:30:27.379] USB: usb_device_handle_win.cc:1048 Failed to read descriptor from node connection: A device attached to the system is not functioning. (0x1F)
Sep 07, 2021 17:30:27.379 [15308:3184:0907/173027.379:ERROR:device_event_log_impl.cc(214)] [17:30:27.380] USB: usb_device_handle_win.cc:1048 Failed to read descriptor from node connection: A device attached to the system is not functioning. (0x1F)
Sep 07, 2021 17:34:02.616 [1276:7908:0907/173402.616:ERROR:device_event_log_impl.cc(214)] [17:34:02.616] USB: usb_device_handle_win.cc:1048 Failed to read descriptor from node connection: A device attached to the system is not functioning. (0x1F)
Sep 07, 2021 17:34:02.617 [1276:7908:0907/173402.616:ERROR:device_event_log_impl.cc(214)] [17:34:02.616] USB: usb_device_handle_win.cc:1048 Failed to read descriptor from node connection: A device attached to the system is not functioning. (0x1F)
Sep 07, 2021 17:43:33.642 [16184:11864:0907/174333.642:ERROR:device_event_log_impl.cc(214)] [17:43:33.642] USB: usb_device_handle_win.cc:1048 Failed to read descriptor from node connection: A device attached to the system is not functioning. (0x1F)
Sep 07, 2021 17:43:33.668 [16184:11864:0907/174333.642:ERROR:device_event_log_impl.cc(214)] [17:43:33.642] USB: usb_device_handle_win.cc:1048 Failed to read descriptor from node connection: A device attached to the system is not functioning. (0x1F)
Sep 07, 2021 17:46:49.12 [12148:15140:0907/174649.012:ERROR:device_event_log_impl.cc(214)] [17:46:49.012] USB: usb_device_handle_win.cc:1048 Failed to read descriptor from node connection: A device attached to the system is not functioning. (0x1F)
Sep 07, 2021 17:46:49.13 [12148:15140:0907/174649.013:ERROR:device_event_log_impl.cc(214)] [17:46:49.013] USB: usb_device_handle_win.cc:1048 Failed to read descriptor from node connection: A device attached to the system is not functioning. (0x1F)
Sep 07, 2021 18:10:57.104 [5688:3340:0907/181057.104:ERROR:device_event_log_impl.cc(214)] [18:10:57.104] USB: usb_device_handle_win.cc:1048 Failed to read descriptor from node connection: A device attached to the system is not functioning. (0x1F)
Sep 07, 2021 18:10:57.104 [5688:3340:0907/181057.104:ERROR:device_event_log_impl.cc(214)] [18:10:57.105] USB: usb_device_handle_win.cc:1048 Failed to read descriptor from node connection: A device attached to the system is not functioning. (0x1F)
Sep 07, 2021 18:11:46.932 [15680:2304:0907/181146.931:ERROR:device_event_log_impl.cc(214)] [18:11:46.931] USB: usb_device_handle_win.cc:1048 Failed to read descriptor from node connection: A device attached to the system is not functioning. (0x1F)
Sep 07, 2021 18:11:46.932 [15680:2304:0907/181146.932:ERROR:device_event_log_impl.cc(214)] [18:11:46.932] USB: usb_device_handle_win.cc:1048 Failed to read descriptor from node connection: A device attached to the system is not functioning. (0x1F)
Sep 07, 2021 18:14:26.241 [8836:8516:0907/181426.241:ERROR:device_event_log_impl.cc(214)] [18:14:26.241] USB: usb_device_handle_win.cc:1048 Failed to read descriptor from node connection: A device attached to the system is not functioning. (0x1F)
Sep 07, 2021 18:14:26.241 [8836:8516:0907/181426.241:ERROR:device_event_log_impl.cc(214)] [18:14:26.241] USB: usb_device_handle_win.cc:1048 Failed to read descriptor from node connection: A device attached to the system is not functioning. (0x1F)
Sep 07, 2021 18:17:22.25 [10272:9700:0907/181722.025:ERROR:device_event_log_impl.cc(214)] [18:17:22.026] USB: usb_device_handle_win.cc:1048 Failed to read descriptor from node connection: A device attached to the system is not functioning. (0x1F)
Sep 07, 2021 18:17:22.25 [10272:9700:0907/181722.025:ERROR:device_event_log_impl.cc(214)] [18:17:22.026] USB: usb_device_handle_win.cc:1048 Failed to read descriptor from node connection: A device attached to the system is not functioning. (0x1F)
Sep 07, 2021 18:20:48.299 [11716:6632:0907/182048.299:ERROR:device_event_log_impl.cc(214)] [18:20:48.299] USB: usb_device_handle_win.cc:1048 Failed to read descriptor from node connection: A device attached to the system is not functioning. (0x1F)
Sep 07, 2021 18:20:48.300 [11716:6632:0907/182048.300:ERROR:device_event_log_impl.cc(214)] [18:20:48.300] USB: usb_device_handle_win.cc:1048 Failed to read descriptor from node connection: A device attached to the system is not functioning. (0x1F)
Sep 07, 2021 18:28:36.424 [11388:7320:0907/182836.424:ERROR:device_event_log_impl.cc(214)] [18:28:36.424] USB: usb_device_handle_win.cc:1048 Failed to read descriptor from node connection: A device attached to the system is not functioning. (0x1F)
Sep 07, 2021 18:28:36.424 [11388:7320:0907/182836.424:ERROR:device_event_log_impl.cc(214)] [18:28:36.424] USB: usb_device_handle_win.cc:1048 Failed to read descriptor from node connection: A device attached to the system is not functioning. (0x1F)
Sep 07, 2021 18:30:17.772 [9464:1428:0907/183017.772:ERROR:device_event_log_impl.cc(214)] [18:30:17.773] USB: usb_device_handle_win.cc:1048 Failed to read descriptor from node connection: A device attached to the system is not functioning. (0x1F)
Sep 07, 2021 18:30:17.772 [9464:1428:0907/183017.772:ERROR:device_event_log_impl.cc(214)] [18:30:17.773] USB: usb_device_handle_win.cc:1048 Failed to read descriptor from node connection: A device attached to the system is not functioning. (0x1F)
Sep 07, 2021 18:37:51.832 [7828:11860:0907/183751.832:ERROR:device_event_log_impl.cc(214)] [18:37:51.832] USB: usb_device_handle_win.cc:1048 Failed to read descriptor from node connection: A device attached to the system is not functioning. (0x1F)
Sep 07, 2021 18:37:51.832 [7828:11860:0907/183751.832:ERROR:device_event_log_impl.cc(214)] [18:37:51.832] USB: usb_device_handle_win.cc:1048 Failed to read descriptor from node connection: A device attached to the system is not functioning. (0x1F)
Sep 07, 2021 18:43:14.312 [12528:15832:0907/184314.311:ERROR:device_event_log_impl.cc(214)] [18:43:14.312] USB: usb_device_handle_win.cc:1048 Failed to read descriptor from node connection: A device attached to the system is not functioning. (0x1F)
Sep 07, 2021 18:43:14.312 [12528:15832:0907/184314.312:ERROR:device_event_log_impl.cc(214)] [18:43:14.312] USB: usb_device_handle_win.cc:1048 Failed to read descriptor from node connection: A device attached to the system is not functioning. (0x1F)
Sep 07, 2021 18:48:22.924 [4312:4852:0907/184822.924:ERROR:device_event_log_impl.cc(214)] [18:48:22.924] USB: usb_device_handle_win.cc:1048 Failed to read descriptor from node connection: A device attached to the system is not functioning. (0x1F)
Sep 07, 2021 18:48:22.924 [4312:4852:0907/184822.924:ERROR:device_event_log_impl.cc(214)] [18:48:22.924] USB: usb_device_handle_win.cc:1048 Failed to read descriptor from node connection: A device attached to the system is not functioning. (0x1F)
Sep 07, 2021 18:49:38.309 [5832:9680:0907/184938.308:ERROR:device_event_log_impl.cc(214)] [18:49:38.309] USB: usb_device_handle_win.cc:1048 Failed to read descriptor from node connection: A device attached to the system is not functioning. (0x1F)
Sep 07, 2021 18:49:38.309 [5832:9680:0907/184938.309:ERROR:device_event_log_impl.cc(214)] [18:49:38.309] USB: usb_device_handle_win.cc:1048 Failed to read descriptor from node connection: A device attached to the system is not functioning. (0x1F)
Sep 07, 2021 18:50:43.405 [10864:3020:0907/185043.405:ERROR:device_event_log_impl.cc(214)] [18:50:43.405] USB: usb_device_handle_win.cc:1048 Failed to read descriptor from node connection: A device attached to the system is not functioning. (0x1F)
Sep 07, 2021 18:50:43.405 [10864:3020:0907/185043.405:ERROR:device_event_log_impl.cc(214)] [18:50:43.405] USB: usb_device_handle_win.cc:1048 Failed to read descriptor from node connection: A device attached to the system is not functioning. (0x1F)
Sep 07, 2021 18:52:10.246 [16016:12676:0907/185210.246:ERROR:device_event_log_impl.cc(214)] [18:52:10.246] USB: usb_device_handle_win.cc:1048 Failed to read descriptor from node connection: A device attached to the system is not functioning. (0x1F)
Sep 07, 2021 18:52:10.247 [16016:12676:0907/185210.246:ERROR:device_event_log_impl.cc(214)] [18:52:10.246] USB: usb_device_handle_win.cc:1048 Failed to read descriptor from node connection: A device attached to the system is not functioning. (0x1F)
Sep 07, 2021 19:00:35.390 [14808:15820:0907/190035.390:ERROR:device_event_log_impl.cc(214)] [19:00:35.390] USB: usb_device_handle_win.cc:1048 Failed to read descriptor from node connection: A device attached to the system is not functioning. (0x1F)
Sep 07, 2021 19:00:35.390 [14808:15820:0907/190035.390:ERROR:device_event_log_impl.cc(214)] [19:00:35.390] USB: usb_device_handle_win.cc:1048 Failed to read descriptor from node connection: A device attached to the system is not functioning. (0x1F)
Sep 07, 2021 19:01:41.919 [13148:14996:0907/190141.919:ERROR:device_event_log_impl.cc(214)] [19:01:41.919] USB: usb_device_handle_win.cc:1048 Failed to read descriptor from node connection: A device attached to the system is not functioning. (0x1F)
Sep 07, 2021 19:01:41.919 [13148:14996:0907/190141.919:ERROR:device_event_log_impl.cc(214)] [19:01:41.919] USB: usb_device_handle_win.cc:1048 Failed to read descriptor from node connection: A device attached to the system is not functioning. (0x1F)
Sep 07, 2021 19:03:12.368 [8612:14252:0907/190312.368:ERROR:device_event_log_impl.cc(214)] [19:03:12.368] USB: usb_device_handle_win.cc:1048 Failed to read descriptor from node connection: A device attached to the system is not functioning. (0x1F)
Sep 07, 2021 19:03:12.369 [8612:14252:0907/190312.369:ERROR:device_event_log_impl.cc(214)] [19:03:12.368] USB: usb_device_handle_win.cc:1048 Failed to read descriptor from node connection: A device attached to the system is not functioning. (0x1F)
Sep 07, 2021 19:08:07.845 [14236:15484:0907/190807.845:ERROR:device_event_log_impl.cc(214)] [19:08:07.845] USB: usb_device_handle_win.cc:1048 Failed to read descriptor from node connection: A device attached to the system is not functioning. (0x1F)
Sep 07, 2021 19:08:07.845 [14236:15484:0907/190807.845:ERROR:device_event_log_impl.cc(214)] [19:08:07.845] USB: usb_device_handle_win.cc:1048 Failed to read descriptor from node connection: A device attached to the system is not functioning. (0x1F)
Sep 07, 2021 19:12:41.42 [5096:12328:0907/191241.042:ERROR:device_event_log_impl.cc(214)] [19:12:41.042] USB: usb_device_handle_win.cc:1048 Failed to read descriptor from node connection: A device attached to the system is not functioning. (0x1F)
Sep 07, 2021 19:12:41.42 [5096:12328:0907/191241.042:ERROR:device_event_log_impl.cc(214)] [19:12:41.042] USB: usb_device_handle_win.cc:1048 Failed to read descriptor from node connection: A device attached to the system is not functioning. (0x1F)
Sep 07, 2021 19:13:36.725 [13328:3288:0907/191336.725:ERROR:device_event_log_impl.cc(214)] [19:13:36.725] USB: usb_device_handle_win.cc:1048 Failed to read descriptor from node connection: A device attached to the system is not functioning. (0x1F)
Sep 07, 2021 19:13:36.726 [13328:3288:0907/191336.725:ERROR:device_event_log_impl.cc(214)] [19:13:36.725] USB: usb_device_handle_win.cc:1048 Failed to read descriptor from node connection: A device attached to the system is not functioning. (0x1F)
Sep 07, 2021 19:15:04.691 [13056:11740:0907/191504.690:ERROR:device_event_log_impl.cc(214)] [19:15:04.691] USB: usb_device_handle_win.cc:1048 Failed to read descriptor from node connection: A device attached to the system is not functioning. (0x1F)
Sep 07, 2021 19:15:04.691 [13056:11740:0907/191504.691:ERROR:device_event_log_impl.cc(214)] [19:15:04.691] USB: usb_device_handle_win.cc:1048 Failed to read descriptor from node connection: A device attached to the system is not functioning. (0x1F)
Sep 07, 2021 19:19:28.593 [8388:15704:0907/191928.593:ERROR:device_event_log_impl.cc(214)] [19:19:28.593] USB: usb_device_handle_win.cc:1048 Failed to read descriptor from node connection: A device attached to the system is not functioning. (0x1F)
Sep 07, 2021 19:19:28.593 [8388:15704:0907/191928.593:ERROR:device_event_log_impl.cc(214)] [19:19:28.593] USB: usb_device_handle_win.cc:1048 Failed to read descriptor from node connection: A device attached to the system is not functioning. (0x1F)
Sep 07, 2021 19:20:11.227 [9788:11236:0907/192011.227:ERROR:device_event_log_impl.cc(214)] [19:20:11.226] USB: usb_device_handle_win.cc:1048 Failed to read descriptor from node connection: A device attached to the system is not functioning. (0x1F)
Sep 07, 2021 19:20:11.227 [9788:11236:0907/192011.227:ERROR:device_event_log_impl.cc(214)] [19:20:11.227] USB: usb_device_handle_win.cc:1048 Failed to read descriptor from node connection: A device attached to the system is not functioning. (0x1F)
Sep 07, 2021 19:20:58.801 [10736:3576:0907/192058.801:ERROR:device_event_log_impl.cc(214)] [19:20:58.801] USB: usb_device_handle_win.cc:1048 Failed to read descriptor from node connection: A device attached to the system is not functioning. (0x1F)
Sep 07, 2021 19:20:58.801 [10736:3576:0907/192058.801:ERROR:device_event_log_impl.cc(214)] [19:20:58.801] USB: usb_device_handle_win.cc:1048 Failed to read descriptor from node connection: A device attached to the system is not functioning. (0x1F)
Sep 07, 2021 19:21:40.391 [8428:14940:0907/192140.390:ERROR:device_event_log_impl.cc(214)] [19:21:40.391] USB: usb_device_handle_win.cc:1048 Failed to read descriptor from node connection: A device attached to the system is not functioning. (0x1F)
Sep 07, 2021 19:21:40.391 [8428:14940:0907/192140.391:ERROR:device_event_log_impl.cc(214)] [19:21:40.391] USB: usb_device_handle_win.cc:1048 Failed to read descriptor from node connection: A device attached to the system is not functioning. (0x1F)
Sep 07, 2021 19:22:13.380 [13912:6000:0907/192213.380:ERROR:device_event_log_impl.cc(214)] [19:22:13.380] USB: usb_device_handle_win.cc:1048 Failed to read descriptor from node connection: A device attached to the system is not functioning. (0x1F)
Sep 07, 2021 19:22:13.380 [13912:6000:0907/192213.380:ERROR:device_event_log_impl.cc(214)] [19:22:13.380] USB: usb_device_handle_win.cc:1048 Failed to read descriptor from node connection: A device attached to the system is not functioning. (0x1F)
Sep 07, 2021 19:29:06.432 [15572:13868:0907/192906.432:ERROR:device_event_log_impl.cc(214)] [19:29:06.432] USB: usb_device_handle_win.cc:1048 Failed to read descriptor from node connection: A device attached to the system is not functioning. (0x1F)
Sep 07, 2021 19:29:06.433 [15572:13868:0907/192906.432:ERROR:device_event_log_impl.cc(214)] [19:29:06.432] USB: usb_device_handle_win.cc:1048 Failed to read descriptor from node connection: A device attached to the system is not functioning. (0x1F)
Sep 07, 2021 19:40:35.901 [10256:12112:0907/194035.901:ERROR:device_event_log_impl.cc(214)] [19:40:35.900] USB: usb_device_handle_win.cc:1048 Failed to read descriptor from node connection: A device attached to the system is not functioning. (0x1F)
Sep 07, 2021 19:40:35.901 [10256:12112:0907/194035.901:ERROR:device_event_log_impl.cc(214)] [19:40:35.901] USB: usb_device_handle_win.cc:1048 Failed to read descriptor from node connection: A device attached to the system is not functioning. (0x1F)
Sep 07, 2021 19:46:31.398 [2304:8144:0907/194631.398:ERROR:device_event_log_impl.cc(214)] [19:46:31.398] USB: usb_device_handle_win.cc:1048 Failed to read descriptor from node connection: A device attached to the system is not functioning. (0x1F)
Sep 07, 2021 19:46:31.398 [2304:8144:0907/194631.398:ERROR:device_event_log_impl.cc(214)] [19:46:31.398] USB: usb_device_handle_win.cc:1048 Failed to read descriptor from node connection: A device attached to the system is not functioning. (0x1F)
Sep 07, 2021 19:49:20.622 [3884:1424:0907/194920.622:ERROR:device_event_log_impl.cc(214)] [19:49:20.622] USB: usb_device_handle_win.cc:1048 Failed to read descriptor from node connection: A device attached to the system is not functioning. (0x1F)
Sep 07, 2021 19:49:20.622 [3884:1424:0907/194920.622:ERROR:device_event_log_impl.cc(214)] [19:49:20.622] USB: usb_device_handle_win.cc:1048 Failed to read descriptor from node connection: A device attached to the system is not functioning. (0x1F)
Sep 07, 2021 19:50:34.688 [15848:9672:0907/195034.688:ERROR:device_event_log_impl.cc(214)] [19:50:34.687] USB: usb_device_handle_win.cc:1048 Failed to read descriptor from node connection: A device attached to the system is not functioning. (0x1F)
Sep 07, 2021 19:50:34.688 [15848:9672:0907/195034.688:ERROR:device_event_log_impl.cc(214)] [19:50:34.687] USB: usb_device_handle_win.cc:1048 Failed to read descriptor from node connection: A device attached to the system is not functioning. (0x1F)
Sep 07, 2021 20:23:53.750 [14440:10152:0907/202353.749:ERROR:device_event_log_impl.cc(214)] [20:23:53.749] USB: usb_device_handle_win.cc:1048 Failed to read descriptor from node connection: A device attached to the system is not functioning. (0x1F)
Sep 07, 2021 20:23:53.750 [14440:10152:0907/202353.750:ERROR:device_event_log_impl.cc(214)] [20:23:53.750] USB: usb_device_handle_win.cc:1048 Failed to read descriptor from node connection: A device attached to the system is not functioning. (0x1F)
Sep 07, 2021 20:30:32.143 [15208:15240:0907/203032.143:ERROR:device_event_log_impl.cc(214)] [20:30:32.142] USB: usb_device_handle_win.cc:1048 Failed to read descriptor from node connection: A device attached to the system is not functioning. (0x1F)
Sep 07, 2021 20:30:32.143 [15208:15240:0907/203032.143:ERROR:device_event_log_impl.cc(214)] [20:30:32.142] USB: usb_device_handle_win.cc:1048 Failed to read descriptor from node connection: A device attached to the system is not functioning. (0x1F)
Sep 07, 2021 20:37:33.785 [15784:11756:0907/203733.785:ERROR:device_event_log_impl.cc(214)] [20:37:33.785] USB: usb_device_handle_win.cc:1048 Failed to read descriptor from node connection: A device attached to the system is not functioning. (0x1F)
Sep 07, 2021 20:37:33.785 [15784:11756:0907/203733.785:ERROR:device_event_log_impl.cc(214)] [20:37:33.785] USB: usb_device_handle_win.cc:1048 Failed to read descriptor from node connection: A device attached to the system is not functioning. (0x1F)
Sep 07, 2021 20:43:02.80 [9464:4812:0907/204302.079:ERROR:device_event_log_impl.cc(214)] [20:43:02.080] USB: usb_device_handle_win.cc:1048 Failed to read descriptor from node connection: A device attached to the system is not functioning. (0x1F)
Sep 07, 2021 20:43:02.80 [9464:4812:0907/204302.080:ERROR:device_event_log_impl.cc(214)] [20:43:02.080] USB: usb_device_handle_win.cc:1048 Failed to read descriptor from node connection: A device attached to the system is not functioning. (0x1F)
Sep 07, 2021 20:44:27.494 [15800:10148:0907/204427.494:ERROR:device_event_log_impl.cc(214)] [20:44:27.494] USB: usb_device_handle_win.cc:1048 Failed to read descriptor from node connection: A device attached to the system is not functioning. (0x1F)
Sep 07, 2021 20:44:27.494 [15800:10148:0907/204427.494:ERROR:device_event_log_impl.cc(214)] [20:44:27.494] USB: usb_device_handle_win.cc:1048 Failed to read descriptor from node connection: A device attached to the system is not functioning. (0x1F)
Sep 07, 2021 20:45:59.397 [8608:13488:0907/204559.397:ERROR:device_event_log_impl.cc(214)] [20:45:59.396] USB: usb_device_handle_win.cc:1048 Failed to read descriptor from node connection: A device attached to the system is not functioning. (0x1F)
Sep 07, 2021 20:45:59.397 [8608:13488:0907/204559.397:ERROR:device_event_log_impl.cc(214)] [20:45:59.396] USB: usb_device_handle_win.cc:1048 Failed to read descriptor from node connection: A device attached to the system is not functioning. (0x1F)
Sep 07, 2021 20:50:40.559 [12636:16196:0907/205040.559:ERROR:device_event_log_impl.cc(214)] [20:50:40.558] USB: usb_device_handle_win.cc:1048 Failed to read descriptor from node connection: A device attached to the system is not functioning. (0x1F)
Sep 07, 2021 20:50:40.559 [12636:16196:0907/205040.559:ERROR:device_event_log_impl.cc(214)] [20:50:40.558] USB: usb_device_handle_win.cc:1048 Failed to read descriptor from node connection: A device attached to the system is not functioning. (0x1F)
Sep 07, 2021 20:52:24.716 [4740:13200:0907/205224.715:ERROR:device_event_log_impl.cc(214)] [20:52:24.715] USB: usb_device_handle_win.cc:1048 Failed to read descriptor from node connection: A device attached to the system is not functioning. (0x1F)
Sep 07, 2021 20:52:24.718 [4740:13200:0907/205224.718:ERROR:device_event_log_impl.cc(214)] [20:52:24.717] USB: usb_device_handle_win.cc:1048 Failed to read descriptor from node connection: A device attached to the system is not functioning. (0x1F)
Sep 07, 2021 20:54:45.455 [10488:9788:0907/205445.455:ERROR:device_event_log_impl.cc(214)] [20:54:45.455] USB: usb_device_handle_win.cc:1048 Failed to read descriptor from node connection: A device attached to the system is not functioning. (0x1F)
Sep 07, 2021 20:54:45.456 [10488:9788:0907/205445.456:ERROR:device_event_log_impl.cc(214)] [20:54:45.456] USB: usb_device_handle_win.cc:1048 Failed to read descriptor from node connection: A device attached to the system is not functioning. (0x1F)
Sep 07, 2021 22:57:10.674 [9144:12924:0907/225710.674:ERROR:device_event_log_impl.cc(214)] [22:57:10.674] USB: usb_device_handle_win.cc:1048 Failed to read descriptor from node connection: A device attached to the system is not functioning. (0x1F)
Sep 07, 2021 22:57:10.674 [9144:12924:0907/225710.674:ERROR:device_event_log_impl.cc(214)] [22:57:10.674] USB: usb_device_handle_win.cc:1048 Failed to read descriptor from node connection: A device attached to the system is not functioning. (0x1F)
Sep 07, 2021 22:58:36.124 [4464:16216:0907/225836.123:ERROR:device_event_log_impl.cc(214)] [22:58:36.123] USB: usb_device_handle_win.cc:1048 Failed to read descriptor from node connection: A device attached to the system is not functioning. (0x1F)
Sep 07, 2021 22:58:36.124 [4464:16216:0907/225836.124:ERROR:device_event_log_impl.cc(214)] [22:58:36.123] USB: usb_device_handle_win.cc:1048 Failed to read descriptor from node connection: A device attached to the system is not functioning. (0x1F)
Sep 07, 2021 23:04:34.607 [16332:14004:0907/230434.607:ERROR:device_event_log_impl.cc(214)] [23:04:34.607] USB: usb_device_handle_win.cc:1048 Failed to read descriptor from node connection: A device attached to the system is not functioning. (0x1F)
Sep 07, 2021 23:04:34.607 [16332:14004:0907/230434.607:ERROR:device_event_log_impl.cc(214)] [23:04:34.607] USB: usb_device_handle_win.cc:1048 Failed to read descriptor from node connection: A device attached to the system is not functioning. (0x1F)
Sep 07, 2021 23:06:25.603 [3420:13392:0907/230625.603:ERROR:device_event_log_impl.cc(214)] [23:06:25.602] USB: usb_device_handle_win.cc:1048 Failed to read descriptor from node connection: A device attached to the system is not functioning. (0x1F)
Sep 07, 2021 23:06:25.603 [3420:13392:0907/230625.603:ERROR:device_event_log_impl.cc(214)] [23:06:25.603] USB: usb_device_handle_win.cc:1048 Failed to read descriptor from node connection: A device attached to the system is not functioning. (0x1F)
Sep 07, 2021 23:08:02.987 [2904:5764:0907/230802.986:ERROR:device_event_log_impl.cc(214)] [23:08:02.986] USB: usb_device_handle_win.cc:1048 Failed to read descriptor from node connection: A device attached to the system is not functioning. (0x1F)
Sep 07, 2021 23:08:02.987 [2904:5764:0907/230802.987:ERROR:device_event_log_impl.cc(214)] [23:08:02.986] USB: usb_device_handle_win.cc:1048 Failed to read descriptor from node connection: A device attached to the system is not functioning. (0x1F)
Sep 07, 2021 23:09:36.482 [5600:12828:0907/230936.482:ERROR:device_event_log_impl.cc(214)] [23:09:36.482] USB: usb_device_handle_win.cc:1048 Failed to read descriptor from node connection: A device attached to the system is not functioning. (0x1F)
Sep 07, 2021 23:09:36.482 [5600:12828:0907/230936.482:ERROR:device_event_log_impl.cc(214)] [23:09:36.482] USB: usb_device_handle_win.cc:1048 Failed to read descriptor from node connection: A device attached to the system is not functioning. (0x1F)

Sep 08, 2021 16:32:55.278 NEW SESSION
Sep 08, 2021 16:32:55.279 [14724:11400:0908/163255.264:ERROR:device_event_log_impl.cc(214)] [16:32:55.264] USB: usb_device_handle_win.cc:1048 Failed to read descriptor from node connection: A device attached to the system is not functioning. (0x1F)
Sep 08, 2021 16:32:55.346 [14724:11400:0908/163255.264:ERROR:device_event_log_impl.cc(214)] [16:32:55.264] USB: usb_device_handle_win.cc:1048 Failed to read descriptor from node connection: A device attached to the system is not functioning. (0x1F)
Sep 08, 2021 16:36:51.321 [10120:16084:0908/163651.321:ERROR:device_event_log_impl.cc(214)] [16:36:51.321] USB: usb_device_handle_win.cc:1048 Failed to read descriptor from node connection: A device attached to the system is not functioning. (0x1F)
Sep 08, 2021 16:36:51.322 [10120:16084:0908/163651.321:ERROR:device_event_log_impl.cc(214)] [16:36:51.321] USB: usb_device_handle_win.cc:1048 Failed to read descriptor from node connection: A device attached to the system is not functioning. (0x1F)
Sep 08, 2021 16:38:14.951 [11076:1104:0908/163814.951:ERROR:device_event_log_impl.cc(214)] [16:38:14.951] USB: usb_device_handle_win.cc:1048 Failed to read descriptor from node connection: A device attached to the system is not functioning. (0x1F)
Sep 08, 2021 16:38:14.951 [11076:1104:0908/163814.951:ERROR:device_event_log_impl.cc(214)] [16:38:14.951] USB: usb_device_handle_win.cc:1048 Failed to read descriptor from node connection: A device attached to the system is not functioning. (0x1F)
Sep 08, 2021 18:53:44.745 [16224:13872:0908/185344.745:ERROR:device_event_log_impl.cc(214)] [18:53:44.745] USB: usb_device_handle_win.cc:1048 Failed to read descriptor from node connection: A device attached to the system is not functioning. (0x1F)
Sep 08, 2021 18:53:44.784 [16224:13872:0908/185344.745:ERROR:device_event_log_impl.cc(214)] [18:53:44.746] USB: usb_device_handle_win.cc:1048 Failed to read descriptor from node connection: A device attached to the system is not functioning. (0x1F)
Sep 08, 2021 18:57:52.315 [10144:14144:0908/185752.314:ERROR:device_event_log_impl.cc(214)] [18:57:52.314] USB: usb_device_handle_win.cc:1048 Failed to read descriptor from node connection: A device attached to the system is not functioning. (0x1F)
Sep 08, 2021 18:57:52.315 [10144:14144:0908/185752.315:ERROR:device_event_log_impl.cc(214)] [18:57:52.314] USB: usb_device_handle_win.cc:1048 Failed to read descriptor from node connection: A device attached to the system is not functioning. (0x1F)
Sep 08, 2021 19:35:37.714 [12856:8072:0908/193537.713:ERROR:device_event_log_impl.cc(214)] [19:35:37.713] USB: usb_device_handle_win.cc:1048 Failed to read descriptor from node connection: A device attached to the system is not functioning. (0x1F)
Sep 08, 2021 19:35:37.714 [12856:8072:0908/193537.714:ERROR:device_event_log_impl.cc(214)] [19:35:37.714] USB: usb_device_handle_win.cc:1048 Failed to read descriptor from node connection: A device attached to the system is not functioning. (0x1F)
Sep 08, 2021 20:36:51.668 [11984:14880:0908/203651.668:ERROR:device_event_log_impl.cc(214)] [20:36:51.668] USB: usb_device_handle_win.cc:1048 Failed to read descriptor from node connection: A device attached to the system is not functioning. (0x1F)
Sep 08, 2021 20:36:51.669 [11984:14880:0908/203651.668:ERROR:device_event_log_impl.cc(214)] [20:36:51.668] USB: usb_device_handle_win.cc:1048 Failed to read descriptor from node connection: A device attached to the system is not functioning. (0x1F)
Sep 08, 2021 20:41:04.850 [10452:16184:0908/204104.850:ERROR:device_event_log_impl.cc(214)] [20:41:04.850] USB: usb_device_handle_win.cc:1048 Failed to read descriptor from node connection: A device attached to the system is not functioning. (0x1F)
Sep 08, 2021 20:41:04.850 [10452:16184:0908/204104.850:ERROR:device_event_log_impl.cc(214)] [20:41:04.850] USB: usb_device_handle_win.cc:1048 Failed to read descriptor from node connection: A device attached to the system is not functioning. (0x1F)
Sep 08, 2021 20:42:49.560 [13676:1440:0908/204249.560:ERROR:device_event_log_impl.cc(214)] [20:42:49.560] USB: usb_device_handle_win.cc:1048 Failed to read descriptor from node connection: A device attached to the system is not functioning. (0x1F)
Sep 08, 2021 20:42:49.561 [13676:1440:0908/204249.561:ERROR:device_event_log_impl.cc(214)] [20:42:49.560] USB: usb_device_handle_win.cc:1048 Failed to read descriptor from node connection: A device attached to the system is not functioning. (0x1F)
Sep 08, 2021 20:46:24.534 [16224:11280:0908/204624.533:ERROR:device_event_log_impl.cc(214)] [20:46:24.534] USB: usb_device_handle_win.cc:1048 Failed to read descriptor from node connection: A device attached to the system is not functioning. (0x1F)
Sep 08, 2021 20:46:24.534 [16224:11280:0908/204624.534:ERROR:device_event_log_impl.cc(214)] [20:46:24.534] USB: usb_device_handle_win.cc:1048 Failed to read descriptor from node connection: A device attached to the system is not functioning. (0x1F)

Sep 09, 2021 14:28:59.607 NEW SESSION
Sep 09, 2021 14:28:59.607 [17320:7960:0909/142859.600:ERROR:device_event_log_impl.cc(214)] [14:28:59.600] USB: usb_device_handle_win.cc:1048 Failed to read descriptor from node connection: A device attached to the system is not functioning. (0x1F)
Sep 09, 2021 14:28:59.635 [17320:7960:0909/142859.600:ERROR:device_event_log_impl.cc(214)] [14:28:59.600] USB: usb_device_handle_win.cc:1048 Failed to read descriptor from node connection: A device attached to the system is not functioning. (0x1F)
Sep 09, 2021 14:32:16.828 [10368:11736:0909/143216.827:ERROR:device_event_log_impl.cc(214)] [14:32:16.827] USB: usb_device_handle_win.cc:1048 Failed to read descriptor from node connection: A device attached to the system is not functioning. (0x1F)
Sep 09, 2021 14:32:16.828 [10368:11736:0909/143216.828:ERROR:device_event_log_impl.cc(214)] [14:32:16.828] USB: usb_device_handle_win.cc:1048 Failed to read descriptor from node connection: A device attached to the system is not functioning. (0x1F)
Sep 09, 2021 14:37:10.490 [4948:10276:0909/143710.490:ERROR:device_event_log_impl.cc(214)] [14:37:10.490] USB: usb_device_handle_win.cc:1048 Failed to read descriptor from node connection: A device attached to the system is not functioning. (0x1F)
Sep 09, 2021 14:37:10.491 [4948:10276:0909/143710.490:ERROR:device_event_log_impl.cc(214)] [14:37:10.490] USB: usb_device_handle_win.cc:1048 Failed to read descriptor from node connection: A device attached to the system is not functioning. (0x1F)

Sep 10, 2021 15:06:54.358 NEW SESSION
Sep 10, 2021 15:06:54.359 [14644:13024:0910/150654.328:ERROR:device_event_log_impl.cc(214)] [15:06:54.328] USB: usb_device_handle_win.cc:1048 Failed to read descriptor from node connection: A device attached to the system is not functioning. (0x1F)
Sep 10, 2021 15:06:54.383 [14644:13024:0910/150654.329:ERROR:device_event_log_impl.cc(214)] [15:06:54.329] USB: usb_device_handle_win.cc:1048 Failed to read descriptor from node connection: A device attached to the system is not functioning. (0x1F)
Sep 10, 2021 15:13:24.487 [17676:5880:0910/151324.487:ERROR:device_event_log_impl.cc(214)] [15:13:24.486] USB: usb_device_handle_win.cc:1048 Failed to read descriptor from node connection: A device attached to the system is not functioning. (0x1F)
Sep 10, 2021 15:13:24.487 [17676:5880:0910/151324.487:ERROR:device_event_log_impl.cc(214)] [15:13:24.487] USB: usb_device_handle_win.cc:1048 Failed to read descriptor from node connection: A device attached to the system is not functioning. (0x1F)
Sep 10, 2021 15:16:00.492 [18036:16580:0910/151600.492:ERROR:device_event_log_impl.cc(214)] [15:16:00.492] USB: usb_device_handle_win.cc:1048 Failed to read descriptor from node connection: A device attached to the system is not functioning. (0x1F)
Sep 10, 2021 15:16:00.493 [18036:16580:0910/151600.492:ERROR:device_event_log_impl.cc(214)] [15:16:00.492] USB: usb_device_handle_win.cc:1048 Failed to read descriptor from node connection: A device attached to the system is not functioning. (0x1F)
Sep 10, 2021 15:21:36.957 [10208:1696:0910/152136.957:ERROR:device_event_log_impl.cc(214)] [15:21:36.957] USB: usb_device_handle_win.cc:1048 Failed to read descriptor from node connection: A device attached to the system is not functioning. (0x1F)
Sep 10, 2021 15:21:36.957 [10208:1696:0910/152136.957:ERROR:device_event_log_impl.cc(214)] [15:21:36.957] USB: usb_device_handle_win.cc:1048 Failed to read descriptor from node connection: A device attached to the system is not functioning. (0x1F)
Sep 10, 2021 15:34:38.393 [16296:15908:0910/153438.393:ERROR:device_event_log_impl.cc(214)] [15:34:38.392] USB: usb_device_handle_win.cc:1048 Failed to read descriptor from node connection: A device attached to the system is not functioning. (0x1F)
Sep 10, 2021 15:34:38.393 [16296:15908:0910/153438.393:ERROR:device_event_log_impl.cc(214)] [15:34:38.393] USB: usb_device_handle_win.cc:1048 Failed to read descriptor from node connection: A device attached to the system is not functioning. (0x1F)
Sep 10, 2021 15:38:15.452 [17996:4076:0910/153815.452:ERROR:device_event_log_impl.cc(214)] [15:38:15.452] USB: usb_device_handle_win.cc:1048 Failed to read descriptor from node connection: A device attached to the system is not functioning. (0x1F)
Sep 10, 2021 15:38:15.453 [17996:4076:0910/153815.452:ERROR:device_event_log_impl.cc(214)] [15:38:15.452] USB: usb_device_handle_win.cc:1048 Failed to read descriptor from node connection: A device attached to the system is not functioning. (0x1F)
Sep 10, 2021 15:43:27.247 [1076:13648:0910/154327.247:ERROR:device_event_log_impl.cc(214)] [15:43:27.247] USB: usb_device_handle_win.cc:1048 Failed to read descriptor from node connection: A device attached to the system is not functioning. (0x1F)
Sep 10, 2021 15:43:27.248 [1076:13648:0910/154327.248:ERROR:device_event_log_impl.cc(214)] [15:43:27.247] USB: usb_device_handle_win.cc:1048 Failed to read descriptor from node connection: A device attached to the system is not functioning. (0x1F)
Sep 10, 2021 15:44:56.926 [5432:12992:0910/154456.926:ERROR:device_event_log_impl.cc(214)] [15:44:56.927] USB: usb_device_handle_win.cc:1048 Failed to read descriptor from node connection: A device attached to the system is not functioning. (0x1F)
Sep 10, 2021 15:44:56.926 [5432:12992:0910/154456.926:ERROR:device_event_log_impl.cc(214)] [15:44:56.927] USB: usb_device_handle_win.cc:1048 Failed to read descriptor from node connection: A device attached to the system is not functioning. (0x1F)
